android/app/build/intermediates/manifest_merge_blame_file/release/manifest-merger-blame-release-report.txt
1<?xml version="1.0" encoding="utf-8"?>
2<manifest xmlns:android="http://schemas.android.com/apk/res/android"
3    package="com.example.ilmnur_mobile"
4    android:versionCode="1"
5    android:versionName="1.0.0" >
6
7    <uses-sdk
8        android:minSdkVersion="21"
8-->src\main\AndroidManifest.xml
9        android:targetSdkVersion="35" />
9-->src\main\AndroidManifest.xml
10
11    <uses-permission android:name="android.permission.INTERNET" />
11-->src\main\AndroidManifest.xml:3:5-66
11-->src\main\AndroidManifest.xml:3:22-64
12    <!--
13         Required to query activities that can process text, see:
14         https://developer.android.com/training/package-visibility and
15         https://developer.android.com/reference/android/content/Intent#ACTION_PROCESS_TEXT.
16
17         In particular, this is used by the Flutter engine in io.flutter.plugin.text.ProcessTextPlugin.
18    -->
19    <queries>
19-->src\main\AndroidManifest.xml:42:5-47:15
20        <intent>
20-->src\main\AndroidManifest.xml:43:9-46:18
21            <action android:name="android.intent.action.PROCESS_TEXT" />
21-->src\main\AndroidManifest.xml:44:13-72
21-->src\main\AndroidManifest.xml:44:21-70
22
23            <data android:mimeType="text/plain" />
23-->src\main\AndroidManifest.xml:45:13-50
23-->src\main\AndroidManifest.xml:45:19-48
24        </intent>
25        <intent>
25-->[:flutter_inappwebview_android] AndroidManifest.xml:10:9-12:18
26            <action android:name="android.support.customtabs.action.CustomTabsService" />
26-->[:flutter_inappwebview_android] AndroidManifest.xml:11:13-90
26-->[:flutter_inappwebview_android] AndroidManifest.xml:11:21-87
27        </intent>
28    </queries>
29
30    <uses-permission android:name="android.permission.ACCESS_NETWORK_STATE" />
30-->[androidx.media3:media3-common:1.4.1] AndroidManifest.xml:22:5-79
30-->[androidx.media3:media3-common:1.4.1] AndroidManifest.xml:22:22-76
31
32    <permission
32-->[androidx.core:core:1.13.1] AndroidManifest.xml:22:5-24:47
33        android:name="com.example.ilmnur_mobile.DYNAMIC_RECEIVER_NOT_EXPORTED_PERMISSION"
33-->[androidx.core:core:1.13.1] AndroidManifest.xml:23:9-81
34        android:protectionLevel="signature" />
34-->[androidx.core:core:1.13.1] AndroidManifest.xml:24:9-44
35
36    <uses-permission android:name="com.example.ilmnur_mobile.DYNAMIC_RECEIVER_NOT_EXPORTED_PERMISSION" />
36-->[androidx.core:core:1.13.1] AndroidManifest.xml:26:5-97
36-->[androidx.core:core:1.13.1] AndroidManifest.xml:26:22-94
37
38    <application
39        android:name="android.app.Application"
39-->src\main\AndroidManifest.xml:7:9-42
40        android:appComponentFactory="androidx.core.app.CoreComponentFactory"
40-->[androidx.core:core:1.13.1] AndroidManifest.xml:28:18-86
41        android:icon="@mipmap/launcher_icon"
41-->src\main\AndroidManifest.xml:8:9-45
42        android:label="ilmnur_mobile" >
42-->src\main\AndroidManifest.xml:6:9-38
43        <activity
43-->src\main\AndroidManifest.xml:9:9-30:20
44            android:name="com.example.ilmnur_mobile.MainActivity"
44-->src\main\AndroidManifest.xml:10:13-41
45            android:configChanges="orientation|keyboardHidden|keyboard|screenSize|smallestScreenSize|locale|layoutDirection|fontScale|screenLayout|density|uiMode"
45-->src\main\AndroidManifest.xml:15:13-163
46            android:exported="true"
46-->src\main\AndroidManifest.xml:11:13-36
47            android:hardwareAccelerated="true"
47-->src\main\AndroidManifest.xml:16:13-47
48            android:launchMode="singleTop"
48-->src\main\AndroidManifest.xml:12:13-43
49            android:taskAffinity=""
49-->src\main\AndroidManifest.xml:13:13-36
50            android:theme="@style/LaunchTheme"
50-->src\main\AndroidManifest.xml:14:13-47
51            android:windowSoftInputMode="adjustResize" >
51-->src\main\AndroidManifest.xml:17:13-55
52
53            <!--
54                 Specifies an Android theme to apply to this Activity as soon as
55                 the Android process has started. This theme is visible to the user
56                 while the Flutter UI initializes. After that, this theme continues
57                 to determine the Window background behind the Flutter UI.
58            -->
59            <meta-data
59-->src\main\AndroidManifest.xml:22:13-25:17
60                android:name="io.flutter.embedding.android.NormalTheme"
60-->src\main\AndroidManifest.xml:23:15-70
61                android:resource="@style/NormalTheme" />
61-->src\main\AndroidManifest.xml:24:15-52
62
63            <intent-filter>
63-->src\main\AndroidManifest.xml:26:13-29:29
64                <action android:name="android.intent.action.MAIN" />
64-->src\main\AndroidManifest.xml:27:17-68
64-->src\main\AndroidManifest.xml:27:25-66
65
66                <category android:name="android.intent.category.LAUNCHER" />
66-->src\main\AndroidManifest.xml:28:17-76
66-->src\main\AndroidManifest.xml:28:27-74
67            </intent-filter>
68        </activity>
69        <!--
70             Don't delete the meta-data below.
71             This is used by the Flutter tool to generate GeneratedPluginRegistrant.java
72        -->
73        <meta-data
73-->src\main\AndroidManifest.xml:33:9-35:33
74            android:name="flutterEmbedding"
74-->src\main\AndroidManifest.xml:34:13-44
75            android:value="2" />
75-->src\main\AndroidManifest.xml:35:13-30
76
77        <activity
77-->[:flutter_inappwebview_android] AndroidManifest.xml:16:9-20:47
78            android:name="com.pichillilorenzo.flutter_inappwebview_android.in_app_browser.InAppBrowserActivity"
78-->[:flutter_inappwebview_android] AndroidManifest.xml:17:13-112
79            android:configChanges="orientation|keyboardHidden|keyboard|screenSize|locale|layoutDirection|fontScale|screenLayout|density"
79-->[:flutter_inappwebview_android] AndroidManifest.xml:18:13-137
80            android:exported="false"
80-->[:flutter_inappwebview_android] AndroidManifest.xml:19:13-37
81            android:theme="@style/AppTheme" />
81-->[:flutter_inappwebview_android] AndroidManifest.xml:20:13-44
82        <activity
82-->[:flutter_inappwebview_android] AndroidManifest.xml:21:9-24:55
83            android:name="com.pichillilorenzo.flutter_inappwebview_android.chrome_custom_tabs.ChromeCustomTabsActivity"
83-->[:flutter_inappwebview_android] AndroidManifest.xml:22:13-120
84            android:exported="false"
84-->[:flutter_inappwebview_android] AndroidManifest.xml:23:13-37
85            android:theme="@style/ThemeTransparent" />
85-->[:flutter_inappwebview_android] AndroidManifest.xml:24:13-52
86        <activity
86-->[:flutter_inappwebview_android] AndroidManifest.xml:25:9-28:55
87            android:name="com.pichillilorenzo.flutter_inappwebview_android.chrome_custom_tabs.TrustedWebActivity"
87-->[:flutter_inappwebview_android] AndroidManifest.xml:26:13-114
88            android:exported="false"
88-->[:flutter_inappwebview_android] AndroidManifest.xml:27:13-37
89            android:theme="@style/ThemeTransparent" />
89-->[:flutter_inappwebview_android] AndroidManifest.xml:28:13-52
90        <activity
90-->[:flutter_inappwebview_android] AndroidManifest.xml:29:9-33:55
91            android:name="com.pichillilorenzo.flutter_inappwebview_android.chrome_custom_tabs.ChromeCustomTabsActivitySingleInstance"
91-->[:flutter_inappwebview_android] AndroidManifest.xml:30:13-134
92            android:exported="false"
92-->[:flutter_inappwebview_android] AndroidManifest.xml:31:13-37
93            android:launchMode="singleInstance"
93-->[:flutter_inappwebview_android] AndroidManifest.xml:32:13-48
94            android:theme="@style/ThemeTransparent" />
94-->[:flutter_inappwebview_android] AndroidManifest.xml:33:13-52
95        <activity
95-->[:flutter_inappwebview_android] AndroidManifest.xml:34:9-38:55
96            android:name="com.pichillilorenzo.flutter_inappwebview_android.chrome_custom_tabs.TrustedWebActivitySingleInstance"
96-->[:flutter_inappwebview_android] AndroidManifest.xml:35:13-128
97            android:exported="false"
97-->[:flutter_inappwebview_android] AndroidManifest.xml:36:13-37
98            android:launchMode="singleInstance"
98-->[:flutter_inappwebview_android] AndroidManifest.xml:37:13-48
99            android:theme="@style/ThemeTransparent" />
99-->[:flutter_inappwebview_android] AndroidManifest.xml:38:13-52
100
101        <receiver
101-->[:flutter_inappwebview_android] AndroidManifest.xml:40:9-43:40
102            android:name="com.pichillilorenzo.flutter_inappwebview_android.chrome_custom_tabs.ActionBroadcastReceiver"
102-->[:flutter_inappwebview_android] AndroidManifest.xml:41:13-119
103            android:enabled="true"
103-->[:flutter_inappwebview_android] AndroidManifest.xml:42:13-35
104            android:exported="false" />
104-->[:flutter_inappwebview_android] AndroidManifest.xml:43:13-37
105
106        <meta-data
106-->[:flutter_inappwebview_android] AndroidManifest.xml:45:9-47:36
107            android:name="io.flutter.embedded_views_preview"
107-->[:flutter_inappwebview_android] AndroidManifest.xml:46:13-61
108            android:value="true" />
108-->[:flutter_inappwebview_android] AndroidManifest.xml:47:13-33
109
110        <provider
110-->[:image_picker_android] AndroidManifest.xml:11:9-19:20
111            android:name="io.flutter.plugins.imagepicker.ImagePickerFileProvider"
111-->[:image_picker_android] AndroidManifest.xml:12:13-82
112            android:authorities="com.example.ilmnur_mobile.flutter.image_provider"
112-->[:image_picker_android] AndroidManifest.xml:13:13-74
113            android:exported="false"
113-->[:image_picker_android] AndroidManifest.xml:14:13-37
114            android:grantUriPermissions="true" >
114-->[:image_picker_android] AndroidManifest.xml:15:13-47
115            <meta-data
115-->[:image_picker_android] AndroidManifest.xml:16:13-18:75
116                android:name="android.support.FILE_PROVIDER_PATHS"
116-->[:image_picker_android] AndroidManifest.xml:17:17-67
117                android:resource="@xml/flutter_image_picker_file_paths" />
117-->[:image_picker_android] AndroidManifest.xml:18:17-72
118        </provider> <!-- Trigger Google Play services to install the backported photo picker module. -->
119        <service
119-->[:image_picker_android] AndroidManifest.xml:21:9-33:19
120            android:name="com.google.android.gms.metadata.ModuleDependencies"
120-->[:image_picker_android] AndroidManifest.xml:22:13-78
121            android:enabled="false"
121-->[:image_picker_android] AndroidManifest.xml:23:13-36
122            android:exported="false" >
122-->[:image_picker_android] AndroidManifest.xml:24:13-37
123            <intent-filter>
123-->[:image_picker_android] AndroidManifest.xml:26:13-28:29
124                <action android:name="com.google.android.gms.metadata.MODULE_DEPENDENCIES" />
124-->[:image_picker_android] AndroidManifest.xml:27:17-94
124-->[:image_picker_android] AndroidManifest.xml:27:25-91
125            </intent-filter>
126
127            <meta-data
127-->[:image_picker_android] AndroidManifest.xml:30:13-32:36
128                android:name="photopicker_activity:0:required"
128-->[:image_picker_android] AndroidManifest.xml:31:17-63
129                android:value="" />
129-->[:image_picker_android] AndroidManifest.xml:32:17-33
130        </service>
131
132        <activity
132-->[:url_launcher_android] AndroidManifest.xml:10:9-13:74
133            android:name="io.flutter.plugins.urllauncher.WebViewActivity"
133-->[:url_launcher_android] AndroidManifest.xml:11:13-74
134            android:exported="false"
134-->[:url_launcher_android] AndroidManifest.xml:12:13-37
135            android:theme="@android:style/Theme.NoTitleBar.Fullscreen" />
135-->[:url_launcher_android] AndroidManifest.xml:13:13-71
136
137        <provider
137-->[androidx.emoji2:emoji2:1.2.0] AndroidManifest.xml:24:9-32:20
138            android:name="androidx.startup.InitializationProvider"
138-->[androidx.emoji2:emoji2:1.2.0] AndroidManifest.xml:25:13-67
139            android:authorities="com.example.ilmnur_mobile.androidx-startup"
139-->[androidx.emoji2:emoji2:1.2.0] AndroidManifest.xml:26:13-68
140            android:exported="false" >
140-->[androidx.emoji2:emoji2:1.2.0] AndroidManifest.xml:27:13-37
141            <meta-data
141-->[androidx.emoji2:emoji2:1.2.0] AndroidManifest.xml:29:13-31:52
142                android:name="androidx.emoji2.text.EmojiCompatInitializer"
142-->[androidx.emoji2:emoji2:1.2.0] AndroidManifest.xml:30:17-75
143                android:value="androidx.startup" />
143-->[androidx.emoji2:emoji2:1.2.0] AndroidManifest.xml:31:17-49
144            <meta-data
144-->[androidx.lifecycle:lifecycle-process:2.7.0] AndroidManifest.xml:29:13-31:52
145                android:name="androidx.lifecycle.ProcessLifecycleInitializer"
145-->[androidx.lifecycle:lifecycle-process:2.7.0] AndroidManifest.xml:30:17-78
146                android:value="androidx.startup" />
146-->[androidx.lifecycle:lifecycle-process:2.7.0] AndroidManifest.xml:31:17-49
147            <meta-data
147-->[androidx.profileinstaller:profileinstaller:1.3.1] AndroidManifest.xml:29:13-31:52
148                android:name="androidx.profileinstaller.ProfileInstallerInitializer"
148-->[androidx.profileinstaller:profileinstaller:1.3.1] AndroidManifest.xml:30:17-85
149                android:value="androidx.startup" />
149-->[androidx.profileinstaller:profileinstaller:1.3.1] AndroidManifest.xml:31:17-49
150        </provider>
151
152        <uses-library
152-->[androidx.window:window:1.2.0] AndroidManifest.xml:23:9-25:40
153            android:name="androidx.window.extensions"
153-->[androidx.window:window:1.2.0] AndroidManifest.xml:24:13-54
154            android:required="false" />
154-->[androidx.window:window:1.2.0] AndroidManifest.xml:25:13-37
155        <uses-library
155-->[androidx.window:window:1.2.0] AndroidManifest.xml:26:9-28:40
156            android:name="androidx.window.sidecar"
156-->[androidx.window:window:1.2.0] AndroidManifest.xml:27:13-51
157            android:required="false" />
157-->[androidx.window:window:1.2.0] AndroidManifest.xml:28:13-37
158
159        <receiver
159-->[androidx.profileinstaller:profileinstaller:1.3.1] AndroidManifest.xml:34:9-52:20
160            android:name="androidx.profileinstaller.ProfileInstallReceiver"
160-->[androidx.profileinstaller:profileinstaller:1.3.1] AndroidManifest.xml:35:13-76
161            android:directBootAware="false"
161-->[androidx.profileinstaller:profileinstaller:1.3.1] AndroidManifest.xml:36:13-44
162            android:enabled="true"
162-->[androidx.profileinstaller:profileinstaller:1.3.1] AndroidManifest.xml:37:13-35
163            android:exported="true"
163-->[androidx.profileinstaller:profileinstaller:1.3.1] AndroidManifest.xml:38:13-36
164            android:permission="android.permission.DUMP" >
164-->[androidx.profileinstaller:profileinstaller:1.3.1] AndroidManifest.xml:39:13-57
165            <intent-filter>
165-->[androidx.profileinstaller:profileinstaller:1.3.1] AndroidManifest.xml:40:13-42:29
166                <action android:name="androidx.profileinstaller.action.INSTALL_PROFILE" />
166-->[androidx.profileinstaller:profileinstaller:1.3.1] AndroidManifest.xml:41:17-91
166-->[androidx.profileinstaller:profileinstaller:1.3.1] AndroidManifest.xml:41:25-88
167            </intent-filter>
168            <intent-filter>
168-->[androidx.profileinstaller:profileinstaller:1.3.1] AndroidManifest.xml:43:13-45:29
169                <action android:name="androidx.profileinstaller.action.SKIP_FILE" />
169-->[androidx.profileinstaller:profileinstaller:1.3.1] AndroidManifest.xml:44:17-85
169-->[androidx.profileinstaller:profileinstaller:1.3.1] AndroidManifest.xml:44:25-82
170            </intent-filter>
171            <intent-filter>
171-->[androidx.profileinstaller:profileinstaller:1.3.1] AndroidManifest.xml:46:13-48:29
172                <action android:name="androidx.profileinstaller.action.SAVE_PROFILE" />
172-->[androidx.profileinstaller:profileinstaller:1.3.1] AndroidManifest.xml:47:17-88
172-->[androidx.profileinstaller:profileinstaller:1.3.1] AndroidManifest.xml:47:25-85
173            </intent-filter>
174            <intent-filter>
174-->[androidx.profileinstaller:profileinstaller:1.3.1] AndroidManifest.xml:49:13-51:29
175                <action android:name="androidx.profileinstaller.action.BENCHMARK_OPERATION" />
175-->[androidx.profileinstaller:profileinstaller:1.3.1] AndroidManifest.xml:50:17-95
175-->[androidx.profileinstaller:profileinstaller:1.3.1] AndroidManifest.xml:50:25-92
176            </intent-filter>
177        </receiver>
178    </application>
179
180</manifest>